<?xml version="1.0" encoding="UTF-8"?>
<testng-results ignored="0" total="1" passed="1" failed="0" skipped="0">
  <reporter-output>
  </reporter-output>
  <suite started-at="2022-02-03T09:28:08 ICT" name="Default suite" finished-at="2022-02-03T09:28:12 ICT" duration-ms="3275">
    <groups>
    </groups>
    <test started-at="2022-02-03T09:28:08 ICT" name="Default test" finished-at="2022-02-03T09:28:12 ICT" duration-ms="3275">
      <class name="XMLSchemaValidation">
        <test-method signature="validateXMLSchema()[pri:0, instance:XMLSchemaValidation@7fee8714]" started-at="2022-02-03T09:28:08 ICT" name="validateXMLSchema" finished-at="2022-02-03T09:28:12 ICT" duration-ms="3233" status="PASS">
          <reporter-output>
          </reporter-output>
        </test-method> <!-- validateXMLSchema -->
      </class> <!-- XMLSchemaValidation -->
    </test> <!-- Default test -->
  </suite> <!-- Default suite -->
</testng-results>
